2017-11-30 17:29:26.4782|INFO|Details() called
2017-11-30 17:29:26.4782|INFO|Id: 7039c218-7867-4a14-98ae-6d2c3397094d
2017-11-30 17:29:27.1617|INFO|GetParticipants() called
2017-11-30 17:29:27.1617|DEBUG|projectId = 7039c218-7867-4a14-98ae-6d2c3397094d
2017-11-30 17:29:29.5295|INFO|Details() called
2017-11-30 17:29:29.5295|INFO|Id: 7039c218-7867-4a14-98ae-6d2c3397094d
2017-11-30 17:29:30.1369|INFO|GetParticipants() called
2017-11-30 17:29:30.1369|DEBUG|projectId = 7039c218-7867-4a14-98ae-6d2c3397094d
2017-11-30 17:37:04.1475|INFO|Details() called
2017-11-30 17:37:04.1645|INFO|Id: 7039c218-7867-4a14-98ae-6d2c3397094d
2017-11-30 17:37:07.8464|INFO|GetParticipants() called
2017-11-30 17:37:07.8464|DEBUG|projectId = 7039c218-7867-4a14-98ae-6d2c3397094d
2017-11-30 17:37:08.0605|DEBUG|participants.Count() = 0
2017-11-30 17:37:08.0605|INFO|0
2017-11-30 17:37:37.8314|INFO|Edit() called Get
2017-11-30 17:37:37.8314|INFO|Id: 7039c218-7867-4a14-98ae-6d2c3397094d
2017-11-30 17:37:38.4818|INFO|GetParticipants() called
2017-11-30 17:37:38.4818|DEBUG|projectId = 7039c218-7867-4a14-98ae-6d2c3397094d
2017-11-30 17:37:38.4818|DEBUG|participants.Count() = 0
2017-11-30 17:37:38.4838|INFO|0
2017-11-30 17:37:46.9798|INFO|Edit() called Get
2017-11-30 17:37:46.9798|INFO|Id: 7039c218-7867-4a14-98ae-6d2c3397094d
2017-11-30 17:37:47.6843|INFO|GetParticipants() called
2017-11-30 17:37:47.6843|DEBUG|projectId = 7039c218-7867-4a14-98ae-6d2c3397094d
2017-11-30 17:37:47.6843|DEBUG|participants.Count() = 0
2017-11-30 17:37:47.6843|INFO|0
2017-11-30 17:37:48.6993|INFO|Edit() called Get
2017-11-30 17:37:48.6993|INFO|Id: 7039c218-7867-4a14-98ae-6d2c3397094d
2017-11-30 17:37:49.4537|INFO|GetParticipants() called
2017-11-30 17:37:49.4537|DEBUG|projectId = 7039c218-7867-4a14-98ae-6d2c3397094d
2017-11-30 17:37:49.4537|DEBUG|participants.Count() = 0
2017-11-30 17:37:49.4537|INFO|0
2017-11-30 17:39:48.5511|INFO|Edit() called Get
2017-11-30 17:39:48.5691|INFO|Id: 7039c218-7867-4a14-98ae-6d2c3397094d
2017-11-30 17:39:52.3081|INFO|GetParticipants() called
2017-11-30 17:39:52.3081|DEBUG|projectId = 7039c218-7867-4a14-98ae-6d2c3397094d
2017-11-30 17:39:52.4091|DEBUG|participants.Count() = 0
2017-11-30 17:39:52.4091|INFO|0
2017-11-30 17:40:16.8225|INFO|Edit() called Get
2017-11-30 17:40:16.8225|INFO|Id: 7039c218-7867-4a14-98ae-6d2c3397094d
2017-11-30 17:40:17.5724|INFO|GetParticipants() called
2017-11-30 17:40:17.5724|DEBUG|projectId = 7039c218-7867-4a14-98ae-6d2c3397094d
2017-11-30 17:40:17.5724|DEBUG|participants.Count() = 0
2017-11-30 17:40:17.5724|INFO|0
2017-11-30 17:41:43.0344|INFO|Edit() called Get
2017-11-30 17:41:43.0594|INFO|Id: 7039c218-7867-4a14-98ae-6d2c3397094d
2017-11-30 17:41:47.0485|INFO|GetParticipants() called
2017-11-30 17:41:47.0485|DEBUG|projectId = 7039c218-7867-4a14-98ae-6d2c3397094d
2017-11-30 17:41:47.1656|DEBUG|participants.Count() = 0
2017-11-30 17:41:47.1656|INFO|0
2017-11-30 17:42:19.2746|INFO|Edit() called Post
2017-11-30 17:42:19.2746|DEBUG|model.Id: 00000000-0000-0000-0000-000000000000
