2017-11-30 17:40:02.6917|INFO|Index() called
2017-11-30 17:40:02.6917|INFO|List() called
2017-11-30 17:40:02.6917|DEBUG|Employees:3
2017-11-30 17:40:08.2443|INFO|Details() called
2017-11-30 17:40:08.2443|INFO|Id: 7983eeee-1096-400f-b7f6-11d34cabef34
2017-11-30 17:40:08.2493|INFO|employee.Id: 7983eeee-1096-400f-b7f6-11d34cabef34
2017-11-30 17:40:08.2493|INFO|CreateEmployeeModel: employeeModel.Employee.Id = 7983eeee-1096-400f-b7f6-11d34cabef34
2017-11-30 17:40:09.5607|INFO|Edit() called Get
2017-11-30 17:40:09.5607|INFO|Id: 7983eeee-1096-400f-b7f6-11d34cabef34
2017-11-30 17:40:09.5627|INFO|CreateEmployeeModel: employeeModel.Employee.Id = 7983eeee-1096-400f-b7f6-11d34cabef34
2017-11-30 17:40:11.2992|INFO|Edit() called Post
2017-11-30 17:40:11.2992|DEBUG|model.Id: 7983eeee-1096-400f-b7f6-11d34cabef34
2017-11-30 17:40:11.2992|DEBUG|model.FirstName: 55
2017-11-30 17:40:11.2992|DEBUG|model.SecondName: 54
2017-11-30 17:40:11.2992|DEBUG|model.Patronymic: 33
2017-11-30 17:40:11.2992|DEBUG|model.Email: 44v
2017-11-30 17:40:11.2992|DEBUG|model.IsChief: False
2017-11-30 17:40:11.9775|INFO|Details() called
2017-11-30 17:40:11.9775|INFO|Id: 7983eeee-1096-400f-b7f6-11d34cabef34
2017-11-30 17:40:11.9775|INFO|employee.Id: 7983eeee-1096-400f-b7f6-11d34cabef34
2017-11-30 17:40:11.9775|INFO|CreateEmployeeModel: employeeModel.Employee.Id = 7983eeee-1096-400f-b7f6-11d34cabef34
2017-11-30 17:40:13.9599|INFO|Index() called
2017-11-30 17:40:13.9599|INFO|List() called
2017-11-30 17:40:13.9599|DEBUG|Employees:3
