2017-11-28 18:57:12.5597|INFO|Index() called
2017-11-28 18:57:12.5787|INFO|List() called
2017-11-28 18:57:14.1995|DEBUG|Companies: 2
2017-11-28 18:57:18.5120|INFO|Details() called
2017-11-28 18:57:18.5120|INFO|Id: 33452d52-f3e9-4ef7-88de-378e69bae08e
2017-11-28 18:57:20.4225|INFO|Edit() called Get
2017-11-28 18:57:20.4225|INFO|Id: 33452d52-f3e9-4ef7-88de-378e69bae08e
2017-11-28 18:57:20.4225|INFO|company.Id: 33452d52-f3e9-4ef7-88de-378e69bae08e
2017-11-28 18:57:24.9093|INFO|Edit() called Post
2017-11-28 18:57:24.9093|DEBUG|model.Id: 33452d52-f3e9-4ef7-88de-378e69bae08e
2017-11-28 18:57:24.9093|DEBUG|model.Name: компания44
2017-11-28 18:57:24.9093|DEBUG|model.IsCustomer: False
2017-11-28 18:57:25.2421|INFO|Details() called
2017-11-28 18:57:25.2421|INFO|Id: 33452d52-f3e9-4ef7-88de-378e69bae08e
2017-11-28 18:57:27.2260|INFO|Index() called
2017-11-28 18:57:27.2260|INFO|List() called
2017-11-28 18:57:27.2260|DEBUG|Companies: 2
2017-11-28 18:57:29.5080|INFO|Create() called Get
2017-11-28 18:57:33.9771|INFO|Create() called Post
2017-11-28 18:57:33.9771|DEBUG|model.Id: 00000000-0000-0000-0000-000000000000
2017-11-28 18:57:33.9771|DEBUG|model.Name: 444
2017-11-28 18:57:33.9791|DEBUG|model.IsCustomer: True
2017-11-28 18:57:34.0271|INFO|Company added
2017-11-28 18:57:34.0271|INFO|Index() called
2017-11-28 18:57:34.0271|INFO|List() called
2017-11-28 18:57:34.0271|DEBUG|Companies: 3
