2017-12-01 14:14:42.9369|INFO|00000000-0000-0000-0000-000000000000
2017-12-01 14:14:42.9369|INFO|ןמכטלונ-להל
2017-12-01 14:14:42.9369|INFO|47b4f720-13cd-495f-b5a7-42416b22504b
2017-12-01 14:14:42.9369|INFO|d20d4051-b451-4b98-801e-b8e9bbead945
2017-12-01 14:14:42.9369|INFO|24c1d601-e285-41c5-af33-b8775056dfc1
2017-12-01 14:14:42.9369|INFO|2
2017-12-01 14:14:42.9369|INFO|ץמנמרמ
2017-12-01 14:14:43.5606|INFO|List() called
2017-12-01 14:14:43.5606|INFO|customer
2017-12-01 14:14:43.5606|INFO|performer
2017-12-01 14:14:43.5626|INFO|priority
2017-12-01 14:14:43.8138|DEBUG|q.Count(): 3
2017-12-01 14:14:43.8138|INFO|customers.Count() = 
2017-12-01 14:14:43.8138|INFO|performers.Count() = 
2017-12-01 14:14:43.8138|DEBUG|qPages.Count(): 3
2017-12-01 14:14:43.8138|DEBUG|page:1
2017-12-01 14:14:43.8138|DEBUG|pageItems:10
2017-12-01 14:16:04.7286|INFO|Details() called
2017-12-01 14:16:04.7286|INFO|Id: 3188794d-2c28-42d9-98d0-1205341fbd30
2017-12-01 14:16:05.5271|INFO|GetParticipants() called
2017-12-01 14:16:05.5271|DEBUG|projectId = 3188794d-2c28-42d9-98d0-1205341fbd30
2017-12-01 14:16:05.5751|DEBUG|participants.Count() = 0
2017-12-01 14:16:05.5751|INFO|0
2017-12-01 14:16:07.7116|INFO|Edit() called Get
2017-12-01 14:16:07.7116|INFO|Id: 3188794d-2c28-42d9-98d0-1205341fbd30
2017-12-01 14:16:08.4370|INFO|GetParticipants() called
2017-12-01 14:16:08.4370|DEBUG|projectId = 3188794d-2c28-42d9-98d0-1205341fbd30
2017-12-01 14:16:08.4370|DEBUG|participants.Count() = 0
2017-12-01 14:16:08.4370|INFO|0
2017-12-01 14:16:10.9268|INFO|GetParticipants() called
2017-12-01 14:16:10.9268|DEBUG|projectId = 3188794d-2c28-42d9-98d0-1205341fbd30
2017-12-01 14:16:10.9268|DEBUG|participants.Count() = 0
2017-12-01 14:16:10.9268|INFO|0
2017-12-01 14:17:58.2856|INFO|Details() called
2017-12-01 14:17:58.3036|INFO|Id: 3188794d-2c28-42d9-98d0-1205341fbd30
2017-12-01 14:18:01.5625|INFO|GetParticipants() called
2017-12-01 14:18:01.5625|DEBUG|projectId = 3188794d-2c28-42d9-98d0-1205341fbd30
2017-12-01 14:18:01.5986|DEBUG|participants.Count() = 0
2017-12-01 14:18:01.5986|INFO|0
2017-12-01 14:18:08.2263|INFO|Edit() called Get
2017-12-01 14:18:08.2263|INFO|Id: 3188794d-2c28-42d9-98d0-1205341fbd30
2017-12-01 14:18:08.2353|INFO|customers.Count() = 
2017-12-01 14:18:08.2353|INFO|performers.Count() = 
2017-12-01 14:18:08.2353|INFO|chiefs.Count() = 
2017-12-01 14:18:21.0483|INFO|GetParticipants() called
2017-12-01 14:18:21.0483|DEBUG|projectId = 3188794d-2c28-42d9-98d0-1205341fbd30
2017-12-01 14:18:21.0483|DEBUG|participants.Count() = 0
2017-12-01 14:18:21.0483|INFO|0
2017-12-01 14:18:47.2267|INFO|Details() called
2017-12-01 14:18:47.2447|INFO|Id: 3188794d-2c28-42d9-98d0-1205341fbd30
2017-12-01 14:18:49.8566|INFO|GetParticipants() called
2017-12-01 14:18:49.8566|DEBUG|projectId = 3188794d-2c28-42d9-98d0-1205341fbd30
2017-12-01 14:18:49.8946|DEBUG|participants.Count() = 0
2017-12-01 14:18:49.8946|INFO|0
2017-12-01 14:18:51.1261|INFO|Edit() called Get
2017-12-01 14:18:51.1261|INFO|Id: 3188794d-2c28-42d9-98d0-1205341fbd30
2017-12-01 14:18:51.1261|INFO|customers.Count() = 
2017-12-01 14:18:51.1261|INFO|performers.Count() = 
2017-12-01 14:18:51.1261|INFO|chiefs.Count() = 
2017-12-01 14:18:52.5329|INFO|GetParticipants() called
2017-12-01 14:18:52.5329|DEBUG|projectId = 3188794d-2c28-42d9-98d0-1205341fbd30
2017-12-01 14:18:52.5329|DEBUG|participants.Count() = 0
2017-12-01 14:18:52.5329|INFO|0
2017-12-01 14:21:23.8775|INFO|List() called
2017-12-01 14:21:23.8775|INFO|customer
2017-12-01 14:21:23.8775|INFO|performer
2017-12-01 14:21:23.8775|INFO|priority
2017-12-01 14:21:23.8901|DEBUG|q.Count(): 3
2017-12-01 14:21:23.8901|INFO|customers.Count() = 
2017-12-01 14:21:23.8901|INFO|performers.Count() = 
2017-12-01 14:21:23.8901|DEBUG|qPages.Count(): 3
2017-12-01 14:21:23.8901|DEBUG|page:1
2017-12-01 14:21:23.8901|DEBUG|pageItems:10
2017-12-01 14:21:25.8130|INFO|customers.Count() = 
2017-12-01 14:21:25.8130|INFO|performers.Count() = 
2017-12-01 14:21:25.8130|INFO|chiefs.Count() = 
2017-12-01 14:21:36.4330|INFO|customers.Count() = 
2017-12-01 14:21:36.4330|INFO|performers.Count() = 
2017-12-01 14:21:36.4330|INFO|chiefs.Count() = 
2017-12-01 14:21:49.8799|INFO|customers.Count() = 
2017-12-01 14:21:49.8799|INFO|performers.Count() = 
2017-12-01 14:21:49.8799|INFO|chiefs.Count() = 
2017-12-01 14:22:08.1617|INFO|customers.Count() = 
2017-12-01 14:22:08.1617|INFO|performers.Count() = 
2017-12-01 14:22:08.1617|INFO|chiefs.Count() = 
