2017-11-29 00:22:01.1163|INFO|Create() called Get
2017-11-29 00:22:18.6739|INFO|Create() called Get
2017-11-29 00:22:21.4630|INFO|Details() called
2017-11-29 00:22:21.4630|INFO|Id: 7983eeee-1096-400f-b7f6-11d34cabef34
2017-11-29 00:22:21.9390|INFO|employee.Id: 7983eeee-1096-400f-b7f6-11d34cabef34
2017-11-29 00:23:12.2371|INFO|Index() called
2017-11-29 00:23:12.2371|INFO|List() called
2017-11-29 00:23:12.2371|DEBUG|Employees:3
2017-11-29 00:23:14.5835|INFO|Details() called
2017-11-29 00:23:14.5835|INFO|Id: 7983eeee-1096-400f-b7f6-11d34cabef34
2017-11-29 00:23:14.5835|INFO|employee.Id: 7983eeee-1096-400f-b7f6-11d34cabef34
2017-11-29 00:23:16.7258|INFO|Details() called
2017-11-29 00:23:16.7258|INFO|Id: 7983eeee-1096-400f-b7f6-11d34cabef34
2017-11-29 00:23:16.7258|INFO|employee.Id: 7983eeee-1096-400f-b7f6-11d34cabef34
2017-11-29 00:23:33.8252|INFO|Details() called
2017-11-29 00:23:33.8252|INFO|Id: 7983eeee-1096-400f-b7f6-11d34cabef34
2017-11-29 00:23:33.8252|INFO|employee.Id: 7983eeee-1096-400f-b7f6-11d34cabef34
2017-11-29 00:23:34.8148|INFO|Details() called
2017-11-29 00:23:34.8148|INFO|Id: 7983eeee-1096-400f-b7f6-11d34cabef34
2017-11-29 00:23:34.8148|INFO|employee.Id: 7983eeee-1096-400f-b7f6-11d34cabef34
2017-11-29 00:23:35.6092|INFO|Details() called
2017-11-29 00:23:35.6092|INFO|Id: 7983eeee-1096-400f-b7f6-11d34cabef34
2017-11-29 00:23:35.6092|INFO|employee.Id: 7983eeee-1096-400f-b7f6-11d34cabef34
2017-11-29 00:23:36.6363|INFO|Details() called
2017-11-29 00:23:36.6363|INFO|Id: 7983eeee-1096-400f-b7f6-11d34cabef34
2017-11-29 00:23:36.6363|INFO|employee.Id: 7983eeee-1096-400f-b7f6-11d34cabef34
2017-11-29 00:23:37.9462|INFO|Details() called
2017-11-29 00:23:37.9462|INFO|Id: 7983eeee-1096-400f-b7f6-11d34cabef34
2017-11-29 00:23:37.9472|INFO|employee.Id: 7983eeee-1096-400f-b7f6-11d34cabef34
2017-11-29 00:23:45.2982|INFO|Details() called
2017-11-29 00:23:45.3163|INFO|Id: 7983eeee-1096-400f-b7f6-11d34cabef34
2017-11-29 00:23:46.9934|INFO|employee.Id: 7983eeee-1096-400f-b7f6-11d34cabef34
2017-11-29 00:23:49.2656|INFO|Edit() called Get
2017-11-29 00:23:49.2656|INFO|Id: 7983eeee-1096-400f-b7f6-11d34cabef34
2017-11-29 00:23:51.6463|INFO|Edit() called Post
2017-11-29 00:23:51.6463|DEBUG|model.Id: 7983eeee-1096-400f-b7f6-11d34cabef34
2017-11-29 00:23:51.6463|DEBUG|model.FirstName: 55
2017-11-29 00:23:51.6463|DEBUG|model.SecondName: 54
2017-11-29 00:23:51.6463|DEBUG|model.Patronymic: 33
2017-11-29 00:23:51.6463|DEBUG|model.Email: 44
2017-11-29 00:23:51.6463|DEBUG|model.IsChief: True
2017-11-29 00:23:52.2906|INFO|Details() called
2017-11-29 00:23:52.2906|INFO|Id: 7983eeee-1096-400f-b7f6-11d34cabef34
2017-11-29 00:23:52.2936|INFO|employee.Id: 7983eeee-1096-400f-b7f6-11d34cabef34
2017-11-29 00:24:22.8850|INFO|Details() called
2017-11-29 00:24:22.8850|INFO|Id: 7983eeee-1096-400f-b7f6-11d34cabef34
2017-11-29 00:24:22.8850|INFO|employee.Id: 7983eeee-1096-400f-b7f6-11d34cabef34
2017-11-29 00:24:36.9546|INFO|Details() called
2017-11-29 00:24:36.9546|INFO|Id: 7983eeee-1096-400f-b7f6-11d34cabef34
2017-11-29 00:24:36.9546|INFO|employee.Id: 7983eeee-1096-400f-b7f6-11d34cabef34
2017-11-29 00:24:40.0966|INFO|Edit() called Get
2017-11-29 00:24:40.0966|INFO|Id: 7983eeee-1096-400f-b7f6-11d34cabef34
2017-11-29 00:26:05.0870|INFO|Index() called
2017-11-29 00:26:05.0880|INFO|List() called
2017-11-29 00:26:05.2551|DEBUG|Employees:3
2017-11-29 00:26:07.4318|INFO|Details() called
2017-11-29 00:26:07.4318|INFO|Id: c18a0abe-54e4-4aa6-86b8-be4013d11038
2017-11-29 00:26:07.4318|INFO|employee.Id: c18a0abe-54e4-4aa6-86b8-be4013d11038
2017-11-29 00:27:15.5921|INFO|Index() called
2017-11-29 00:27:15.5921|INFO|List() called
2017-11-29 00:27:15.5921|DEBUG|Employees:3
2017-11-29 00:27:19.3006|INFO|Index() called
2017-11-29 00:27:19.3006|INFO|List() called
2017-11-29 00:27:19.3006|DEBUG|Employees:3
2017-11-29 00:27:23.7560|INFO|Index() called
2017-11-29 00:27:23.7560|INFO|List() called
2017-11-29 00:27:23.7560|DEBUG|Employees:3
2017-11-29 00:27:29.1079|INFO|Index() called
2017-11-29 00:27:29.1079|INFO|List() called
2017-11-29 00:27:29.1079|DEBUG|Employees:3
2017-11-29 00:36:51.1024|INFO|Index() called
2017-11-29 00:36:51.1034|INFO|List() called
2017-11-29 00:36:51.1034|DEBUG|Employees:3
